\BOOKMARK [1][-]{section.0.1}{Knapsack Problem}{}% 1
\BOOKMARK [1][-]{section.0.2}{Set Covering}{}% 2
\BOOKMARK [1][-]{section.0.3}{Machine Assignment}{}% 3
\BOOKMARK [1][-]{section.0.4}{Facility Location}{}% 4
\BOOKMARK [2][-]{subsection.0.4.1}{Capacitated Facility Location}{section.0.4}% 5
\BOOKMARK [2][-]{subsection.0.4.2}{Uncapacitated Facility Location}{section.0.4}% 6
\BOOKMARK [1][-]{section.0.5}{Capital Budgeting}{}% 7
\BOOKMARK [1][-]{section.0.6}{Network Flow}{}% 8
\BOOKMARK [1][-]{section.0.7}{Transportation Problem}{}% 9
\BOOKMARK [2][-]{subsection.0.7.1}{Modeling Tricks}{section.0.7}% 10
\BOOKMARK [2][-]{subsection.0.7.2}{Either Or Constraints}{section.0.7}% 11
\BOOKMARK [2][-]{subsection.0.7.3}{Binary reformulation of integer variables}{section.0.7}% 12
\BOOKMARK [2][-]{subsection.0.7.4}{SOS1 Constraints}{section.0.7}% 13
\BOOKMARK [2][-]{subsection.0.7.5}{SOS2 Constraints}{section.0.7}% 14
\BOOKMARK [2][-]{subsection.0.7.6}{Piecewise linear functions with SOS2 constraint}{section.0.7}% 15
\BOOKMARK [2][-]{subsection.0.7.7}{Maximizing a minimum}{section.0.7}% 16
\BOOKMARK [2][-]{subsection.0.7.8}{Relaxing \(nonlinear\) equality constraints}{section.0.7}% 17
\BOOKMARK [1][-]{section.0.8}{Notes from AIMMS modeling book.}{}% 18
\BOOKMARK [2][-]{subsection.0.8.1}{Guidelines for Integer Programming Modeling}{section.0.8}% 19
\BOOKMARK [2][-]{subsection.0.8.2}{Linear Programming Modeling}{section.0.8}% 20
\BOOKMARK [2][-]{subsection.0.8.3}{From AIMMS}{section.0.8}% 21
\BOOKMARK [2][-]{subsection.0.8.4}{Further Topics}{section.0.8}% 22
