\BOOKMARK [0][-]{chapter.1}{NLP Algorithms}{}% 1
\BOOKMARK [1][-]{section.1.1}{Algorithms Introduction}{chapter.1}% 2
\BOOKMARK [1][-]{section.1.2}{1-Dimensional Algorithms}{chapter.1}% 3
\BOOKMARK [2][-]{subsection.1.2.1}{Golden Search Method - Derivative Free Algorithm}{section.1.2}% 4
\BOOKMARK [2][-]{subsection.1.2.2}{Bisection Method - 1st Order Method \(using Derivative\)}{section.1.2}% 5
\BOOKMARK [2][-]{subsection.1.2.3}{Gradient Descent - 1st Order Method \(using Derivative\)}{section.1.2}% 6
\BOOKMARK [2][-]{subsection.1.2.4}{Newton's Method - 2nd Order Method \(using Derivative and Hessian\)}{section.1.2}% 7
\BOOKMARK [1][-]{section.1.3}{Multi-Variate Unconstrained Optimizaition}{chapter.1}% 8
\BOOKMARK [2][-]{subsection.1.3.1}{Descent Methods - Unconstrained Optimization - Gradient, Newton}{section.1.3}% 9
\BOOKMARK [2][-]{subsection.1.3.2}{Stochastic Gradient Descent - The mother of all algorithms.}{section.1.3}% 10
\BOOKMARK [1][-]{section.1.4}{Constrained Convex Nonlinear Programming}{chapter.1}% 11
\BOOKMARK [2][-]{subsection.1.4.1}{Barrier Method}{section.1.4}% 12
\BOOKMARK [0][-]{chapter.2}{Computational Issues with NLP}{}% 13
\BOOKMARK [1][-]{section.2.1}{Irrational Solutions}{chapter.2}% 14
\BOOKMARK [1][-]{section.2.2}{Discrete Solutions}{chapter.2}% 15
\BOOKMARK [1][-]{section.2.3}{Convex NLP Harder than LP}{chapter.2}% 16
\BOOKMARK [1][-]{section.2.4}{NLP is harder than IP}{chapter.2}% 17
\BOOKMARK [1][-]{section.2.5}{Karush-Huhn-Tucker \(KKT\) Conditions}{chapter.2}% 18
\BOOKMARK [1][-]{section.2.6}{Gradient Free Algorithms}{chapter.2}% 19
\BOOKMARK [2][-]{subsection.2.6.1}{Needler-Mead}{section.2.6}% 20
\BOOKMARK [0][-]{chapter.3}{Material to add...}{}% 21
\BOOKMARK [1][-]{subsection.3.0.1}{Bisection Method and Newton's Method}{chapter.3}% 22
\BOOKMARK [1][-]{section.3.1}{Gradient Descent}{chapter.3}% 23
\BOOKMARK [1][-]{section.3.2}{Projection Gradient Methods}{chapter.3}% 24
